<?xml version="1.0" encoding="UTF-8"?>
<!-- Generated by org.testng.reporters.JUnitReportReporter -->
<testsuite skipped="0" hostname="AFREEN-PC" name="runner.TestRunner1" tests="1" failures="0" timestamp="2020-04-13T13:10:55 IST" time="24.823" errors="0">
  <testcase name="login" time="24.823" classname="runner.TestRunner1"/>
  <system-out/>
</testsuite> <!-- runner.TestRunner1 -->
