<?xml version="1.0" encoding="UTF-8"?>
<!-- Generated by org.testng.reporters.JUnitReportReporter -->
<testsuite skipped="0" hostname="AFREEN-PC" name="runner.TestRunner3" tests="1" failures="0" timestamp="2020-04-13T13:10:55 IST" time="25.219" errors="0">
  <testcase name="login" time="25.219" classname="runner.TestRunner3"/>
  <system-out/>
</testsuite> <!-- runner.TestRunner3 -->
