<?xml version="1.0" encoding="UTF-8"?>
<!-- Generated by org.testng.reporters.JUnitReportReporter -->
<testsuite skipped="0" hostname="AFREEN-PC" name="runner.TestRunner2" tests="1" failures="0" timestamp="2020-04-13T14:59:30 IST" time="30.306" errors="0">
  <testcase name="login" time="30.306" classname="runner.TestRunner2"/>
  <system-out/>
</testsuite> <!-- runner.TestRunner2 -->
